<?xml version="1.0" encoding="UTF-8"?>
<robot generator="Robot 7.4.1 (Python 3.12.3 on linux)" generated="2026-01-04T18:56:28.106541" rpa="false" schemaversion="5">
<suite id="s1" name="First Test" source="/home/androbr/Documentos/learning_robot/robot-framework-organo/robot-course/first_test.robot">
<test id="s1-t1" name="Abrir navegador e acessar o site do organo" line="6">
<kw name="Open Browser" owner="SeleniumLibrary">
<msg time="2026-01-04T18:56:28.257609" level="INFO">Opening browser 'Chrome' to base url 'http://localhost:3000/'.</msg>
<arg>url=http://localhost:3000/</arg>
<arg>browser=Chrome</arg>
<doc>Opens a new browser instance to the optional ``url``.</doc>
<status status="PASS" start="2026-01-04T18:56:28.257258" elapsed="1.057115"/>
</kw>
<status status="PASS" start="2026-01-04T18:56:28.256154" elapsed="1.058587"/>
</test>
<test id="s1-t2" name="Preencher os campos do formulário" line="10">
<kw name="Input Text" owner="SeleniumLibrary">
<msg time="2026-01-04T18:56:29.316870" level="INFO">Typing text 'Akemi' into text field 'id:form-nome'.</msg>
<arg>id:form-nome</arg>
<arg>Akemi</arg>
<doc>Types the given ``text`` into the text field identified by ``locator``.</doc>
<status status="PASS" start="2026-01-04T18:56:29.316217" elapsed="0.229045"/>
</kw>
<kw name="Input Text" owner="SeleniumLibrary">
<msg time="2026-01-04T18:56:29.545733" level="INFO">Typing text 'Desenvolvedora' into text field 'id:form-cargo'.</msg>
<arg>id:form-cargo</arg>
<arg>Desenvolvedora</arg>
<doc>Types the given ``text`` into the text field identified by ``locator``.</doc>
<status status="PASS" start="2026-01-04T18:56:29.545494" elapsed="0.129556"/>
</kw>
<kw name="Input Text" owner="SeleniumLibrary">
<msg time="2026-01-04T18:56:29.675663" level="INFO">Typing text 'https://picsum.photos/200/300' into text field 'id:form-imagem'.</msg>
<arg>id:form-imagem</arg>
<arg>https://picsum.photos/200/300</arg>
<doc>Types the given ``text`` into the text field identified by ``locator``.</doc>
<status status="PASS" start="2026-01-04T18:56:29.675361" elapsed="0.151257"/>
</kw>
<kw name="Click Element" owner="SeleniumLibrary">
<msg time="2026-01-04T18:56:29.827353" level="INFO">Clicking element 'class:lista-suspensa'.</msg>
<arg>class:lista-suspensa</arg>
<doc>Click the element identified by ``locator``.</doc>
<status status="PASS" start="2026-01-04T18:56:29.827033" elapsed="0.157425"/>
</kw>
<kw name="Click Element" owner="SeleniumLibrary">
<msg time="2026-01-04T18:56:29.985167" level="INFO">Clicking element '//option[contains(.,'Programação')]'.</msg>
<arg>//option[contains(.,'Programação')]</arg>
<doc>Click the element identified by ``locator``.</doc>
<status status="PASS" start="2026-01-04T18:56:29.984781" elapsed="0.054934"/>
</kw>
<kw name="Sleep" owner="BuiltIn">
<msg time="2026-01-04T18:56:40.041082" level="INFO">Slept 10 seconds.</msg>
<arg>10s</arg>
<doc>Pauses the test executed for the given time.</doc>
<status status="PASS" start="2026-01-04T18:56:30.040133" elapsed="10.001309"/>
</kw>
<kw name="Click Element" owner="SeleniumLibrary">
<msg time="2026-01-04T18:56:40.042939" level="INFO">Clicking element 'id:form-botao'.</msg>
<arg>id:form-botao</arg>
<doc>Click the element identified by ``locator``.</doc>
<status status="PASS" start="2026-01-04T18:56:40.042165" elapsed="0.232107"/>
</kw>
<kw name="Element Should Be Visible" owner="SeleniumLibrary">
<msg time="2026-01-04T18:56:40.311916" level="INFO">Element 'class:colaborador' is displayed.</msg>
<arg>class:colaborador</arg>
<doc>Verifies that the element identified by ``locator`` is visible.</doc>
<status status="PASS" start="2026-01-04T18:56:40.274777" elapsed="0.037300"/>
</kw>
<kw name="Sleep" owner="BuiltIn">
<msg time="2026-01-04T18:56:45.313256" level="INFO">Slept 5 seconds.</msg>
<arg>5s</arg>
<doc>Pauses the test executed for the given time.</doc>
<status status="PASS" start="2026-01-04T18:56:40.312396" elapsed="5.001167"/>
</kw>
<status status="PASS" start="2026-01-04T18:56:29.315190" elapsed="15.999369"/>
</test>
<status status="PASS" start="2026-01-04T18:56:28.107563" elapsed="17.211164"/>
</suite>
<statistics>
<total>
<stat pass="2" fail="0" skip="0">All Tests</stat>
</total>
<tag>
</tag>
<suite>
<stat name="First Test" id="s1" pass="2" fail="0" skip="0">First Test</stat>
</suite>
</statistics>
<errors>
</errors>
</robot>
